[2023-06-04 04:06:31] merlin-logger.ERROR: The file was not able to save to disk, while trying to download it {"url":"https://raw.githubusercontent.com/gutenify/demo-content/main/themes/gutenify-fit/plugin-settings.json","filename":"gutenify-fit-plugin-settings.json"} []
[2023-06-04 04:06:31] merlin-logger.INFO: Imported "Blocks" (category) [] []
[2023-06-04 04:06:31] merlin-logger.DEBUG: Term 7 remapped to 2 [] []
[2023-06-04 04:06:31] merlin-logger.INFO: Imported "FSE" (category) [] []
[2023-06-04 04:06:31] merlin-logger.DEBUG: Term 6 remapped to 3 [] []
[2023-06-04 04:06:31] merlin-logger.INFO: Imported "Gutenify" (category) [] []
[2023-06-04 04:06:31] merlin-logger.DEBUG: Term 5 remapped to 4 [] []
[2023-06-04 04:06:31] merlin-logger.INFO: Imported "Main Menu" (nav_menu) [] []
[2023-06-04 04:06:31] merlin-logger.DEBUG: Term 3 remapped to 5 [] []
[2023-06-04 04:06:31] merlin-logger.INFO: Imported "Sample Page" (Page) [] []
[2023-06-04 04:06:31] merlin-logger.DEBUG: Post 2 remapped to 5 [] []
[2023-06-04 04:06:31] merlin-logger.INFO: Imported "Home" (Page) [] []
[2023-06-04 04:06:31] merlin-logger.DEBUG: Post 4 remapped to 6 [] []
[2023-06-04 04:06:31] merlin-logger.INFO: Imported "About Us" (Page) [] []
[2023-06-04 04:06:31] merlin-logger.DEBUG: Post 5 remapped to 7 [] []
[2023-06-04 04:06:31] merlin-logger.INFO: Imported "Contact Us" (Page) [] []
[2023-06-04 04:06:31] merlin-logger.DEBUG: Post 6 remapped to 8 [] []
[2023-06-04 04:06:31] merlin-logger.INFO: Imported "Services" (Page) [] []
[2023-06-04 04:06:31] merlin-logger.DEBUG: Post 7 remapped to 9 [] []
[2023-06-04 04:06:31] merlin-logger.INFO: Imported "" (Navigation Menu Item) [] []
[2023-06-04 04:06:31] merlin-logger.DEBUG: Post 15 remapped to 15 [] []
[2023-06-04 04:06:31] merlin-logger.DEBUG: Processing menu item post_type [] []
[2023-06-04 04:06:31] merlin-logger.DEBUG: Menu item 5 mapped to 7 [] []
[2023-06-04 04:06:31] merlin-logger.INFO: Imported "" (Navigation Menu Item) [] []
[2023-06-04 04:06:31] merlin-logger.DEBUG: Post 16 remapped to 16 [] []
[2023-06-04 04:06:31] merlin-logger.DEBUG: Processing menu item post_type [] []
[2023-06-04 04:06:31] merlin-logger.DEBUG: Menu item 6 mapped to 8 [] []
[2023-06-04 04:06:31] merlin-logger.INFO: Imported "" (Navigation Menu Item) [] []
[2023-06-04 04:06:31] merlin-logger.DEBUG: Post 17 remapped to 17 [] []
[2023-06-04 04:06:31] merlin-logger.DEBUG: Processing menu item post_type [] []
[2023-06-04 04:06:31] merlin-logger.DEBUG: Menu item 4 mapped to 6 [] []
[2023-06-04 04:06:31] merlin-logger.INFO: Imported "" (Navigation Menu Item) [] []
[2023-06-04 04:06:31] merlin-logger.DEBUG: Post 19 remapped to 19 [] []
[2023-06-04 04:06:31] merlin-logger.DEBUG: Processing menu item post_type [] []
[2023-06-04 04:06:31] merlin-logger.DEBUG: Menu item 7 mapped to 9 [] []
[2023-06-04 04:06:31] merlin-logger.INFO: Imported "Overalls with logo as a method of advertising" (Post) [] []
[2023-06-04 04:06:31] merlin-logger.DEBUG: Post 40 remapped to 40 [] []
[2023-06-04 04:06:31] merlin-logger.INFO: Imported "" (Navigation Menu Item) [] []
[2023-06-04 04:06:31] merlin-logger.DEBUG: Post 51 remapped to 51 [] []
[2023-06-04 04:06:31] merlin-logger.DEBUG: Processing menu item post_type [] []
[2023-06-04 04:06:31] merlin-logger.DEBUG: Menu item 7 mapped to 9 [] []
[2023-06-04 04:06:31] merlin-logger.INFO: Imported "" (Navigation Menu Item) [] []
[2023-06-04 04:06:31] merlin-logger.DEBUG: Post 52 remapped to 52 [] []
[2023-06-04 04:06:31] merlin-logger.DEBUG: Processing menu item post_type [] []
[2023-06-04 04:06:31] merlin-logger.DEBUG: Menu item 6 mapped to 8 [] []
[2023-06-04 04:06:31] merlin-logger.INFO: Imported "" (Navigation Menu Item) [] []
[2023-06-04 04:06:31] merlin-logger.DEBUG: Post 53 remapped to 53 [] []
[2023-06-04 04:06:31] merlin-logger.DEBUG: Processing menu item post_type [] []
[2023-06-04 04:06:31] merlin-logger.DEBUG: Menu item 5 mapped to 7 [] []
[2023-06-04 04:06:31] merlin-logger.INFO: Imported "Pages" (Navigation Menu Item) [] []
[2023-06-04 04:06:31] merlin-logger.DEBUG: Post 54 remapped to 54 [] []
[2023-06-04 04:06:31] merlin-logger.DEBUG: Processing menu item custom [] []
[2023-06-04 04:06:31] merlin-logger.DEBUG: Menu item 54 mapped to 54 [] []
[2023-06-04 04:06:31] merlin-logger.INFO: Imported "News" (Page) [] []
[2023-06-04 04:06:31] merlin-logger.DEBUG: Post 72 remapped to 72 [] []
[2023-06-04 04:06:31] merlin-logger.INFO: Imported "" (Navigation Menu Item) [] []
[2023-06-04 04:06:31] merlin-logger.DEBUG: Post 74 remapped to 74 [] []
[2023-06-04 04:06:31] merlin-logger.DEBUG: Processing menu item post_type [] []
[2023-06-04 04:06:31] merlin-logger.DEBUG: Menu item 72 mapped to 72 [] []
[2023-06-04 04:06:33] merlin-logger.INFO: Imported "service-1" (Media) [] []
[2023-06-04 04:06:33] merlin-logger.DEBUG: Post 209 remapped to 209 [] []
[2023-06-04 04:06:33] merlin-logger.INFO: Imported "mt-1373-blog-img01" (Media) [] []
[2023-06-04 04:06:33] merlin-logger.DEBUG: Post 212 remapped to 212 [] []
[2023-06-04 04:06:34] merlin-logger.INFO: Imported "mt-1373-blog-img02" (Media) [] []
[2023-06-04 04:06:34] merlin-logger.DEBUG: Post 214 remapped to 214 [] []
[2023-06-04 04:06:35] merlin-logger.INFO: Imported "mt-1373-blog-img04" (Media) [] []
[2023-06-04 04:06:35] merlin-logger.DEBUG: Post 216 remapped to 216 [] []
[2023-06-04 04:06:35] merlin-logger.INFO: Imported "Custom Styles" (Global Styles) [] []
[2023-06-04 04:06:35] merlin-logger.DEBUG: Post 8 remapped to 217 [] []
[2023-06-04 04:06:36] merlin-logger.INFO: Imported "Header navigation" (Navigation Menu) [] []
[2023-06-04 04:06:36] merlin-logger.DEBUG: Post 13 remapped to 13 [] []
[2023-06-04 04:06:36] merlin-logger.INFO: Imported "Main Menu" (Navigation Menu) [] []
[2023-06-04 04:06:36] merlin-logger.DEBUG: Post 20 remapped to 20 [] []
[2023-06-04 04:06:36] merlin-logger.INFO: Imported "Home" (Template) [] []
[2023-06-04 04:06:36] merlin-logger.DEBUG: Post 23 remapped to 23 [] []
[2023-06-04 04:06:36] merlin-logger.INFO: Imported "The most common mistakes when managing personal finances" (Post) [] []
[2023-06-04 04:06:36] merlin-logger.DEBUG: Post 45 remapped to 45 [] []
[2023-06-04 04:06:36] merlin-logger.INFO: Imported "Methods of the recruitment" (Post) [] []
[2023-06-04 04:06:36] merlin-logger.DEBUG: Post 46 remapped to 46 [] []
[2023-06-04 04:06:36] merlin-logger.INFO: Imported "Main Menu" (Navigation Menu) [] []
[2023-06-04 04:06:36] merlin-logger.DEBUG: Post 56 remapped to 56 [] []
[2023-06-04 04:06:36] merlin-logger.INFO: Imported "Main Menu" (Navigation Menu) [] []
[2023-06-04 04:06:36] merlin-logger.DEBUG: Post 75 remapped to 75 [] []
[2023-06-04 04:06:36] merlin-logger.INFO: Imported "Archive" (Template) [] []
[2023-06-04 04:06:36] merlin-logger.DEBUG: Post 158 remapped to 158 [] []
[2023-06-04 04:06:36] merlin-logger.INFO: Imported "Single Post" (Template) [] []
[2023-06-04 04:06:36] merlin-logger.DEBUG: Post 159 remapped to 159 [] []
[2023-06-04 04:06:36] merlin-logger.INFO: Imported "404" (Template) [] []
[2023-06-04 04:06:36] merlin-logger.DEBUG: Post 160 remapped to 160 [] []
[2023-06-04 04:06:36] merlin-logger.INFO: Imported "Page (No Title / Feature Image)" (Template) [] []
[2023-06-04 04:06:36] merlin-logger.DEBUG: Post 161 remapped to 161 [] []
[2023-06-04 04:06:36] merlin-logger.INFO: Imported "Page" (Template) [] []
[2023-06-04 04:06:36] merlin-logger.DEBUG: Post 162 remapped to 162 [] []
[2023-06-04 04:06:36] merlin-logger.INFO: Imported "Search" (Template) [] []
[2023-06-04 04:06:36] merlin-logger.DEBUG: Post 163 remapped to 163 [] []
[2023-06-04 04:06:36] merlin-logger.INFO: Imported "Custom Styles" (Global Styles) [] []
[2023-06-04 04:06:36] merlin-logger.DEBUG: Post 170 remapped to 170 [] []
[2023-06-04 04:06:36] merlin-logger.INFO: Imported "Main Menu" (Navigation Menu) [] []
[2023-06-04 04:06:36] merlin-logger.DEBUG: Post 192 remapped to 192 [] []
[2023-06-04 04:06:36] merlin-logger.INFO: Template "Archive" already exists. [] []
[2023-06-04 04:06:36] merlin-logger.INFO: Template "Single" already exists. [] []
[2023-06-04 04:06:36] merlin-logger.INFO: Template "404" already exists. [] []
[2023-06-04 04:06:36] merlin-logger.INFO: Imported "Custom Styles" (Global Styles) [] []
[2023-06-04 04:06:36] merlin-logger.DEBUG: Post 207 remapped to 207 [] []
[2023-06-04 04:06:36] merlin-logger.INFO: Imported "Header" (Template Part) [] []
[2023-06-04 04:06:36] merlin-logger.DEBUG: Post 22 remapped to 22 [] []
[2023-06-04 04:06:36] merlin-logger.INFO: Imported "Footer" (Template Part) [] []
[2023-06-04 04:06:36] merlin-logger.DEBUG: Post 164 remapped to 164 [] []
[2023-06-04 04:06:36] merlin-logger.INFO: Imported "Sidebar" (Template Part) [] []
[2023-06-04 04:06:36] merlin-logger.DEBUG: Post 165 remapped to 165 [] []
[2023-06-04 04:06:36] merlin-logger.INFO: Imported "Header" (Template Part) [] []
[2023-06-04 04:06:36] merlin-logger.DEBUG: Post 176 remapped to 176 [] []
[2023-06-04 04:06:36] merlin-logger.INFO: Imported "Home" (Template) [] []
[2023-06-04 04:06:36] merlin-logger.DEBUG: Post 199 remapped to 199 [] []
[2023-06-04 04:06:36] merlin-logger.INFO: Template "Page (No Title / Feature Image)" already exists. [] []
[2023-06-04 04:06:36] merlin-logger.INFO: Template "Page" already exists. [] []
[2023-06-04 04:06:36] merlin-logger.INFO: Template "Search" already exists. [] []
[2023-06-04 04:06:36] merlin-logger.INFO: Template Part "Footer" already exists. [] []
[2023-06-04 04:06:36] merlin-logger.INFO: Template Part "Header" already exists. [] []
[2023-06-04 04:06:36] merlin-logger.INFO: Template "Single" already exists. [] []
[2023-06-04 04:06:36] merlin-logger.INFO: Template "404" already exists. [] []
[2023-06-04 04:06:36] merlin-logger.INFO: Template "Home" already exists. [] []
[2023-06-04 04:06:36] merlin-logger.INFO: Template "Page (No Title / Feature Image)" already exists. [] []
[2023-06-04 04:06:36] merlin-logger.INFO: Template "Page" already exists. [] []
[2023-06-04 04:06:36] merlin-logger.INFO: Template "Search" already exists. [] []
[2023-06-04 04:06:36] merlin-logger.INFO: Imported "Index" (Template) [] []
[2023-06-04 04:06:36] merlin-logger.DEBUG: Post 237 remapped to 237 [] []
[2023-06-04 04:06:36] merlin-logger.INFO: Imported "Blank" (Template) [] []
[2023-06-04 04:06:36] merlin-logger.DEBUG: Post 238 remapped to 238 [] []
[2023-06-04 04:06:36] merlin-logger.INFO: Template "Archive" already exists. [] []
[2023-06-04 04:06:36] merlin-logger.INFO: Imported "Blog Listing" (Template) [] []
[2023-06-04 04:06:36] merlin-logger.DEBUG: Post 247 remapped to 247 [] []
[2023-06-04 04:06:36] merlin-logger.WARNING: Failed to import "Contact form 1": Invalid post type wpcf7_contact_form [] []
[2023-06-04 04:06:36] merlin-logger.INFO: Template Part "Sidebar" already exists. [] []
[2023-06-04 04:06:36] merlin-logger.INFO: Template Part "Footer" already exists. [] []
[2023-06-04 04:06:36] merlin-logger.DEBUG: Running post-processing for post 5 [] []
[2023-06-04 04:06:36] merlin-logger.WARNING: Could not find the author for "Sample Page" (post #5) [] []
[2023-06-04 04:06:36] merlin-logger.DEBUG: Post 5 was imported with author "karim", but could not be found [] []
[2023-06-04 04:06:36] merlin-logger.DEBUG: Post 5 was marked for post-processing, but none was required. [] []
[2023-06-04 04:06:36] merlin-logger.DEBUG: Running post-processing for post 6 [] []
[2023-06-04 04:06:36] merlin-logger.WARNING: Could not find the author for "Home" (post #6) [] []
[2023-06-04 04:06:36] merlin-logger.DEBUG: Post 6 was imported with author "karim", but could not be found [] []
[2023-06-04 04:06:36] merlin-logger.DEBUG: Post 6 was marked for post-processing, but none was required. [] []
[2023-06-04 04:06:36] merlin-logger.DEBUG: Running post-processing for post 7 [] []
[2023-06-04 04:06:36] merlin-logger.WARNING: Could not find the author for "About Us" (post #7) [] []
[2023-06-04 04:06:36] merlin-logger.DEBUG: Post 7 was imported with author "karim", but could not be found [] []
[2023-06-04 04:06:36] merlin-logger.DEBUG: Post 7 was marked for post-processing, but none was required. [] []
[2023-06-04 04:06:36] merlin-logger.DEBUG: Running post-processing for post 8 [] []
[2023-06-04 04:06:36] merlin-logger.WARNING: Could not find the author for "Contact Us" (post #8) [] []
[2023-06-04 04:06:36] merlin-logger.DEBUG: Post 8 was imported with author "karim", but could not be found [] []
[2023-06-04 04:06:36] merlin-logger.DEBUG: Post 8 was marked for post-processing, but none was required. [] []
[2023-06-04 04:06:36] merlin-logger.DEBUG: Running post-processing for post 9 [] []
[2023-06-04 04:06:36] merlin-logger.WARNING: Could not find the author for "Services" (post #9) [] []
[2023-06-04 04:06:36] merlin-logger.DEBUG: Post 9 was imported with author "karim", but could not be found [] []
[2023-06-04 04:06:36] merlin-logger.DEBUG: Post 9 was marked for post-processing, but none was required. [] []
[2023-06-04 04:06:36] merlin-logger.DEBUG: Running post-processing for post 15 [] []
[2023-06-04 04:06:36] merlin-logger.WARNING: Could not find the author for "" (post #15) [] []
[2023-06-04 04:06:36] merlin-logger.DEBUG: Post 15 was imported with author "karim", but could not be found [] []
[2023-06-04 04:06:36] merlin-logger.DEBUG: Post 15 was marked for post-processing, but none was required. [] []
[2023-06-04 04:06:36] merlin-logger.DEBUG: Running post-processing for post 16 [] []
[2023-06-04 04:06:36] merlin-logger.WARNING: Could not find the author for "" (post #16) [] []
[2023-06-04 04:06:36] merlin-logger.DEBUG: Post 16 was imported with author "karim", but could not be found [] []
[2023-06-04 04:06:36] merlin-logger.DEBUG: Post 16 was marked for post-processing, but none was required. [] []
[2023-06-04 04:06:36] merlin-logger.DEBUG: Running post-processing for post 17 [] []
[2023-06-04 04:06:36] merlin-logger.WARNING: Could not find the author for "" (post #17) [] []
[2023-06-04 04:06:36] merlin-logger.DEBUG: Post 17 was imported with author "karim", but could not be found [] []
[2023-06-04 04:06:36] merlin-logger.DEBUG: Post 17 was marked for post-processing, but none was required. [] []
[2023-06-04 04:06:36] merlin-logger.DEBUG: Running post-processing for post 19 [] []
[2023-06-04 04:06:36] merlin-logger.WARNING: Could not find the author for "" (post #19) [] []
[2023-06-04 04:06:36] merlin-logger.DEBUG: Post 19 was imported with author "karim", but could not be found [] []
[2023-06-04 04:06:36] merlin-logger.DEBUG: Post 19 was marked for post-processing, but none was required. [] []
[2023-06-04 04:06:36] merlin-logger.DEBUG: Running post-processing for post 40 [] []
[2023-06-04 04:06:36] merlin-logger.WARNING: Could not find the author for "Overalls with logo as a method of advertising" (post #40) [] []
[2023-06-04 04:06:36] merlin-logger.DEBUG: Post 40 was imported with author "karim", but could not be found [] []
[2023-06-04 04:06:36] merlin-logger.DEBUG: Post 40 was marked for post-processing, but none was required. [] []
[2023-06-04 04:06:36] merlin-logger.DEBUG: Running post-processing for post 51 [] []
[2023-06-04 04:06:36] merlin-logger.WARNING: Could not find the author for "" (post #51) [] []
[2023-06-04 04:06:36] merlin-logger.DEBUG: Post 51 was imported with author "karim", but could not be found [] []
[2023-06-04 04:06:36] merlin-logger.DEBUG: Post 51 was marked for post-processing, but none was required. [] []
[2023-06-04 04:06:36] merlin-logger.DEBUG: Running post-processing for post 52 [] []
[2023-06-04 04:06:36] merlin-logger.WARNING: Could not find the author for "" (post #52) [] []
[2023-06-04 04:06:36] merlin-logger.DEBUG: Post 52 was imported with author "karim", but could not be found [] []
[2023-06-04 04:06:36] merlin-logger.DEBUG: Post 52 was marked for post-processing, but none was required. [] []
[2023-06-04 04:06:36] merlin-logger.DEBUG: Running post-processing for post 53 [] []
[2023-06-04 04:06:36] merlin-logger.WARNING: Could not find the author for "" (post #53) [] []
[2023-06-04 04:06:36] merlin-logger.DEBUG: Post 53 was imported with author "karim", but could not be found [] []
[2023-06-04 04:06:36] merlin-logger.DEBUG: Post 53 was marked for post-processing, but none was required. [] []
[2023-06-04 04:06:36] merlin-logger.DEBUG: Running post-processing for post 54 [] []
[2023-06-04 04:06:36] merlin-logger.WARNING: Could not find the author for "Pages" (post #54) [] []
[2023-06-04 04:06:36] merlin-logger.DEBUG: Post 54 was imported with author "karim", but could not be found [] []
[2023-06-04 04:06:36] merlin-logger.DEBUG: Post 54 was marked for post-processing, but none was required. [] []
[2023-06-04 04:06:36] merlin-logger.DEBUG: Running post-processing for post 72 [] []
[2023-06-04 04:06:36] merlin-logger.WARNING: Could not find the author for "News" (post #72) [] []
[2023-06-04 04:06:36] merlin-logger.DEBUG: Post 72 was imported with author "karim", but could not be found [] []
[2023-06-04 04:06:36] merlin-logger.DEBUG: Post 72 was marked for post-processing, but none was required. [] []
[2023-06-04 04:06:36] merlin-logger.DEBUG: Running post-processing for post 74 [] []
[2023-06-04 04:06:36] merlin-logger.WARNING: Could not find the author for "" (post #74) [] []
[2023-06-04 04:06:36] merlin-logger.DEBUG: Post 74 was imported with author "karim", but could not be found [] []
[2023-06-04 04:06:36] merlin-logger.DEBUG: Post 74 was marked for post-processing, but none was required. [] []
[2023-06-04 04:06:36] merlin-logger.DEBUG: Running post-processing for post 209 [] []
[2023-06-04 04:06:36] merlin-logger.WARNING: Could not find the author for "service-1" (post #209) [] []
[2023-06-04 04:06:36] merlin-logger.DEBUG: Post 209 was imported with author "karim", but could not be found [] []
[2023-06-04 04:06:36] merlin-logger.DEBUG: Post 209 was marked for post-processing, but none was required. [] []
[2023-06-04 04:06:36] merlin-logger.DEBUG: Running post-processing for post 212 [] []
[2023-06-04 04:06:36] merlin-logger.WARNING: Could not find the author for "mt-1373-blog-img01" (post #212) [] []
[2023-06-04 04:06:36] merlin-logger.DEBUG: Post 212 was imported with author "karim", but could not be found [] []
[2023-06-04 04:06:36] merlin-logger.DEBUG: Running post-processing for post 214 [] []
[2023-06-04 04:06:36] merlin-logger.WARNING: Could not find the author for "mt-1373-blog-img02" (post #214) [] []
[2023-06-04 04:06:36] merlin-logger.DEBUG: Post 214 was imported with author "karim", but could not be found [] []
[2023-06-04 04:06:36] merlin-logger.DEBUG: Running post-processing for post 216 [] []
[2023-06-04 04:06:36] merlin-logger.WARNING: Could not find the author for "mt-1373-blog-img04" (post #216) [] []
[2023-06-04 04:06:36] merlin-logger.DEBUG: Post 216 was imported with author "karim", but could not be found [] []
[2023-06-04 04:06:36] merlin-logger.DEBUG: Post 216 was marked for post-processing, but none was required. [] []
[2023-06-04 04:06:36] merlin-logger.DEBUG: Running post-processing for post 217 [] []
[2023-06-04 04:06:36] merlin-logger.WARNING: Could not find the author for "Custom Styles" (post #217) [] []
[2023-06-04 04:06:36] merlin-logger.DEBUG: Post 217 was imported with author "karim", but could not be found [] []
[2023-06-04 04:06:36] merlin-logger.DEBUG: Post 217 was marked for post-processing, but none was required. [] []
[2023-06-04 04:06:36] merlin-logger.DEBUG: Running post-processing for post 13 [] []
[2023-06-04 04:06:36] merlin-logger.WARNING: Could not find the author for "Header navigation" (post #13) [] []
[2023-06-04 04:06:36] merlin-logger.DEBUG: Post 13 was imported with author "karim", but could not be found [] []
[2023-06-04 04:06:36] merlin-logger.DEBUG: Post 13 was marked for post-processing, but none was required. [] []
[2023-06-04 04:06:36] merlin-logger.DEBUG: Running post-processing for post 20 [] []
[2023-06-04 04:06:36] merlin-logger.WARNING: Could not find the author for "Main Menu" (post #20) [] []
[2023-06-04 04:06:36] merlin-logger.DEBUG: Post 20 was imported with author "karim", but could not be found [] []
[2023-06-04 04:06:36] merlin-logger.DEBUG: Post 20 was marked for post-processing, but none was required. [] []
[2023-06-04 04:06:36] merlin-logger.DEBUG: Running post-processing for post 23 [] []
[2023-06-04 04:06:36] merlin-logger.WARNING: Could not find the author for "Home" (post #23) [] []
[2023-06-04 04:06:36] merlin-logger.DEBUG: Post 23 was imported with author "karim", but could not be found [] []
[2023-06-04 04:06:36] merlin-logger.DEBUG: Post 23 was marked for post-processing, but none was required. [] []
[2023-06-04 04:06:36] merlin-logger.DEBUG: Running post-processing for post 45 [] []
[2023-06-04 04:06:36] merlin-logger.WARNING: Could not find the author for "The most common mistakes when managing personal finances" (post #45) [] []
[2023-06-04 04:06:36] merlin-logger.DEBUG: Post 45 was imported with author "karim", but could not be found [] []
[2023-06-04 04:06:36] merlin-logger.DEBUG: Post 45 was marked for post-processing, but none was required. [] []
[2023-06-04 04:06:36] merlin-logger.DEBUG: Running post-processing for post 46 [] []
[2023-06-04 04:06:36] merlin-logger.WARNING: Could not find the author for "Methods of the recruitment" (post #46) [] []
[2023-06-04 04:06:36] merlin-logger.DEBUG: Post 46 was imported with author "karim", but could not be found [] []
[2023-06-04 04:06:36] merlin-logger.DEBUG: Post 46 was marked for post-processing, but none was required. [] []
[2023-06-04 04:06:36] merlin-logger.DEBUG: Running post-processing for post 56 [] []
[2023-06-04 04:06:36] merlin-logger.WARNING: Could not find the author for "Main Menu" (post #56) [] []
[2023-06-04 04:06:36] merlin-logger.DEBUG: Post 56 was imported with author "karim", but could not be found [] []
[2023-06-04 04:06:36] merlin-logger.DEBUG: Post 56 was marked for post-processing, but none was required. [] []
[2023-06-04 04:06:36] merlin-logger.DEBUG: Running post-processing for post 75 [] []
[2023-06-04 04:06:36] merlin-logger.WARNING: Could not find the author for "Main Menu" (post #75) [] []
[2023-06-04 04:06:36] merlin-logger.DEBUG: Post 75 was imported with author "karim", but could not be found [] []
[2023-06-04 04:06:36] merlin-logger.DEBUG: Post 75 was marked for post-processing, but none was required. [] []
[2023-06-04 04:06:36] merlin-logger.DEBUG: Running post-processing for post 158 [] []
[2023-06-04 04:06:36] merlin-logger.WARNING: Could not find the author for "Archive" (post #158) [] []
[2023-06-04 04:06:36] merlin-logger.DEBUG: Post 158 was imported with author "karim", but could not be found [] []
[2023-06-04 04:06:36] merlin-logger.DEBUG: Post 158 was marked for post-processing, but none was required. [] []
[2023-06-04 04:06:36] merlin-logger.DEBUG: Running post-processing for post 159 [] []
[2023-06-04 04:06:36] merlin-logger.WARNING: Could not find the author for "Single Post" (post #159) [] []
[2023-06-04 04:06:36] merlin-logger.DEBUG: Post 159 was imported with author "karim", but could not be found [] []
[2023-06-04 04:06:36] merlin-logger.DEBUG: Post 159 was marked for post-processing, but none was required. [] []
[2023-06-04 04:06:36] merlin-logger.DEBUG: Running post-processing for post 160 [] []
[2023-06-04 04:06:36] merlin-logger.WARNING: Could not find the author for "404" (post #160) [] []
[2023-06-04 04:06:36] merlin-logger.DEBUG: Post 160 was imported with author "karim", but could not be found [] []
[2023-06-04 04:06:36] merlin-logger.DEBUG: Post 160 was marked for post-processing, but none was required. [] []
[2023-06-04 04:06:36] merlin-logger.DEBUG: Running post-processing for post 161 [] []
[2023-06-04 04:06:36] merlin-logger.WARNING: Could not find the author for "Page (No Title / Feature Image)" (post #161) [] []
[2023-06-04 04:06:36] merlin-logger.DEBUG: Post 161 was imported with author "karim", but could not be found [] []
[2023-06-04 04:06:36] merlin-logger.DEBUG: Post 161 was marked for post-processing, but none was required. [] []
[2023-06-04 04:06:36] merlin-logger.DEBUG: Running post-processing for post 162 [] []
[2023-06-04 04:06:36] merlin-logger.WARNING: Could not find the author for "Page" (post #162) [] []
[2023-06-04 04:06:36] merlin-logger.DEBUG: Post 162 was imported with author "karim", but could not be found [] []
[2023-06-04 04:06:36] merlin-logger.DEBUG: Post 162 was marked for post-processing, but none was required. [] []
[2023-06-04 04:06:36] merlin-logger.DEBUG: Running post-processing for post 163 [] []
[2023-06-04 04:06:36] merlin-logger.WARNING: Could not find the author for "Search" (post #163) [] []
[2023-06-04 04:06:36] merlin-logger.DEBUG: Post 163 was imported with author "karim", but could not be found [] []
[2023-06-04 04:06:36] merlin-logger.DEBUG: Post 163 was marked for post-processing, but none was required. [] []
[2023-06-04 04:06:36] merlin-logger.DEBUG: Running post-processing for post 170 [] []
[2023-06-04 04:06:36] merlin-logger.WARNING: Could not find the author for "Custom Styles" (post #170) [] []
[2023-06-04 04:06:36] merlin-logger.DEBUG: Post 170 was imported with author "karim", but could not be found [] []
[2023-06-04 04:06:36] merlin-logger.DEBUG: Post 170 was marked for post-processing, but none was required. [] []
[2023-06-04 04:06:36] merlin-logger.DEBUG: Running post-processing for post 192 [] []
[2023-06-04 04:06:36] merlin-logger.WARNING: Could not find the author for "Main Menu" (post #192) [] []
[2023-06-04 04:06:36] merlin-logger.DEBUG: Post 192 was imported with author "karim", but could not be found [] []
[2023-06-04 04:06:36] merlin-logger.DEBUG: Post 192 was marked for post-processing, but none was required. [] []
[2023-06-04 04:06:36] merlin-logger.DEBUG: Running post-processing for post 207 [] []
[2023-06-04 04:06:36] merlin-logger.WARNING: Could not find the author for "Custom Styles" (post #207) [] []
[2023-06-04 04:06:36] merlin-logger.DEBUG: Post 207 was imported with author "karim", but could not be found [] []
[2023-06-04 04:06:36] merlin-logger.DEBUG: Post 207 was marked for post-processing, but none was required. [] []
[2023-06-04 04:06:36] merlin-logger.DEBUG: Running post-processing for post 22 [] []
[2023-06-04 04:06:36] merlin-logger.WARNING: Could not find the author for "Header" (post #22) [] []
[2023-06-04 04:06:36] merlin-logger.DEBUG: Post 22 was imported with author "karim", but could not be found [] []
[2023-06-04 04:06:36] merlin-logger.DEBUG: Post 22 was marked for post-processing, but none was required. [] []
[2023-06-04 04:06:36] merlin-logger.DEBUG: Running post-processing for post 164 [] []
[2023-06-04 04:06:36] merlin-logger.WARNING: Could not find the author for "Footer" (post #164) [] []
[2023-06-04 04:06:36] merlin-logger.DEBUG: Post 164 was imported with author "karim", but could not be found [] []
[2023-06-04 04:06:36] merlin-logger.DEBUG: Post 164 was marked for post-processing, but none was required. [] []
[2023-06-04 04:06:36] merlin-logger.DEBUG: Running post-processing for post 165 [] []
[2023-06-04 04:06:36] merlin-logger.WARNING: Could not find the author for "Sidebar" (post #165) [] []
[2023-06-04 04:06:36] merlin-logger.DEBUG: Post 165 was imported with author "karim", but could not be found [] []
[2023-06-04 04:06:36] merlin-logger.DEBUG: Post 165 was marked for post-processing, but none was required. [] []
[2023-06-04 04:06:36] merlin-logger.DEBUG: Running post-processing for post 176 [] []
[2023-06-04 04:06:36] merlin-logger.WARNING: Could not find the author for "Header" (post #176) [] []
[2023-06-04 04:06:36] merlin-logger.DEBUG: Post 176 was imported with author "karim", but could not be found [] []
[2023-06-04 04:06:36] merlin-logger.DEBUG: Post 176 was marked for post-processing, but none was required. [] []
[2023-06-04 04:06:36] merlin-logger.DEBUG: Running post-processing for post 199 [] []
[2023-06-04 04:06:36] merlin-logger.WARNING: Could not find the author for "Home" (post #199) [] []
[2023-06-04 04:06:36] merlin-logger.DEBUG: Post 199 was imported with author "karim", but could not be found [] []
[2023-06-04 04:06:36] merlin-logger.DEBUG: Post 199 was marked for post-processing, but none was required. [] []
[2023-06-04 04:06:36] merlin-logger.DEBUG: Running post-processing for post 237 [] []
[2023-06-04 04:06:36] merlin-logger.WARNING: Could not find the author for "Index" (post #237) [] []
[2023-06-04 04:06:36] merlin-logger.DEBUG: Post 237 was imported with author "karim", but could not be found [] []
[2023-06-04 04:06:36] merlin-logger.DEBUG: Post 237 was marked for post-processing, but none was required. [] []
[2023-06-04 04:06:36] merlin-logger.DEBUG: Running post-processing for post 238 [] []
[2023-06-04 04:06:36] merlin-logger.WARNING: Could not find the author for "Blank" (post #238) [] []
[2023-06-04 04:06:36] merlin-logger.DEBUG: Post 238 was imported with author "karim", but could not be found [] []
[2023-06-04 04:06:36] merlin-logger.DEBUG: Post 238 was marked for post-processing, but none was required. [] []
[2023-06-04 04:06:36] merlin-logger.DEBUG: Running post-processing for post 247 [] []
[2023-06-04 04:06:36] merlin-logger.WARNING: Could not find the author for "Blog Listing" (post #247) [] []
[2023-06-04 04:06:36] merlin-logger.DEBUG: Post 247 was imported with author "karim", but could not be found [] []
[2023-06-04 04:06:36] merlin-logger.DEBUG: Post 247 was marked for post-processing, but none was required. [] []
[2023-06-04 04:06:36] merlin-logger.INFO: Starting remapping of featured images [] []
